{"timestamp": "2026-04-10T19:54:16.283Z", "level": "info", "service": "api", "msg": "GET /api/v1/notifications \u2192 200 (51ms)", "method": "GET", "path": "/api/v1/notifications", "status": 200, "latency_ms": 51}
{"timestamp": "2026-04-10T19:54:16.283Z", "level": "info", "service": "api", "msg": "GET /api/v1/health \u2192 200 (42ms)", "method": "GET", "path": "/api/v1/health", "status": 200, "latency_ms": 42}
{"timestamp": "2026-04-10T19:54:16.283Z", "level": "warn", "service": "api", "msg": "POST /api/v1/auth/login \u2192 401 (6ms)", "method": "POST", "path": "/api/v1/auth/login", "status": 401, "latency_ms": 6}
{"timestamp": "2026-04-10T19:54:16.283Z", "level": "info", "service": "api", "msg": "GET /api/v1/feed \u2192 200 (62ms)", "method": "GET", "path": "/api/v1/feed", "status": 200, "latency_ms": 62}
{"timestamp": "2026-04-10T19:54:16.283Z", "level": "info", "service": "api", "msg": "POST /api/v1/auth/login \u2192 200 (137ms)", "method": "POST", "path": "/api/v1/auth/login", "status": 200, "latency_ms": 137}
{"timestamp": "2026-04-10T19:54:16.283Z", "level": "warn", "service": "api", "msg": "POST /api/v1/auth/login \u2192 401 (10ms)", "method": "POST", "path": "/api/v1/auth/login", "status": 401, "latency_ms": 10}
{"timestamp": "2026-04-10T19:54:16.283Z", "level": "info", "service": "api", "msg": "GET /api/v1/health \u2192 200 (39ms)", "method": "GET", "path": "/api/v1/health", "status": 200, "latency_ms": 39}
{"timestamp": "2026-04-10T19:54:16.283Z", "level": "warn", "service": "api", "msg": "GET /api/v1/missing \u2192 404 (39ms)", "method": "GET", "path": "/api/v1/missing", "status": 404, "latency_ms": 39}
{"timestamp": "2026-04-10T19:54:16.283Z", "level": "warn", "service": "api", "msg": "GET /api/v1/missing \u2192 404 (8ms)", "method": "GET", "path": "/api/v1/missing", "status": 404, "latency_ms": 8}
{"timestamp": "2026-04-10T19:54:16.283Z", "level": "info", "service": "api", "msg": "POST /api/v1/events \u2192 201 (33ms)", "method": "POST", "path": "/api/v1/events", "status": 201, "latency_ms": 33}
{"timestamp": "2026-04-10T19:54:16.283Z", "level": "info", "service": "api", "msg": "GET /api/v1/health \u2192 200 (5ms)", "method": "GET", "path": "/api/v1/health", "status": 200, "latency_ms": 5}
{"timestamp": "2026-04-10T19:54:16.283Z", "level": "warn", "service": "api", "msg": "GET /api/v1/missing \u2192 404 (25ms)", "method": "GET", "path": "/api/v1/missing", "status": 404, "latency_ms": 25}
{"timestamp": "2026-04-10T19:54:16.283Z", "level": "info", "service": "api", "msg": "GET /api/v1/search \u2192 200 (125ms)", "method": "GET", "path": "/api/v1/search", "status": 200, "latency_ms": 125}
{"timestamp": "2026-04-10T19:54:16.283Z", "level": "error", "service": "api", "msg": "POST /api/v1/upload \u2192 500 (291ms)", "method": "POST", "path": "/api/v1/upload", "status": 500, "latency_ms": 291}
{"timestamp": "2026-04-10T19:54:16.283Z", "level": "info", "service": "api", "msg": "GET /api/v1/notifications \u2192 200 (61ms)", "method": "GET", "path": "/api/v1/notifications", "status": 200, "latency_ms": 61}
{"timestamp": "2026-04-10T19:54:16.283Z", "level": "info", "service": "api", "msg": "GET /api/v1/feed \u2192 200 (95ms)", "method": "GET", "path": "/api/v1/feed", "status": 200, "latency_ms": 95}
{"timestamp": "2026-04-10T19:54:16.283Z", "level": "warn", "service": "api", "msg": "POST /api/v1/auth/login \u2192 401 (53ms)", "method": "POST", "path": "/api/v1/auth/login", "status": 401, "latency_ms": 53}
{"timestamp": "2026-04-10T19:54:16.283Z", "level": "info", "service": "api", "msg": "GET /api/v1/notifications \u2192 200 (61ms)", "method": "GET", "path": "/api/v1/notifications", "status": 200, "latency_ms": 61}
{"timestamp": "2026-04-10T19:54:16.283Z", "level": "warn", "service": "api", "msg": "POST /api/v1/auth/login \u2192 401 (1ms)", "method": "POST", "path": "/api/v1/auth/login", "status": 401, "latency_ms": 1}
{"timestamp": "2026-04-10T19:54:16.283Z", "level": "warn", "service": "api", "msg": "GET /api/v1/missing \u2192 404 (29ms)", "method": "GET", "path": "/api/v1/missing", "status": 404, "latency_ms": 29}
{"timestamp": "2026-04-10T19:54:16.283Z", "level": "info", "service": "api", "msg": "POST /api/v1/events \u2192 201 (64ms)", "method": "POST", "path": "/api/v1/events", "status": 201, "latency_ms": 64}
{"timestamp": "2026-04-10T19:54:16.283Z", "level": "warn", "service": "api", "msg": "GET /api/v1/missing \u2192 404 (25ms)", "method": "GET", "path": "/api/v1/missing", "status": 404, "latency_ms": 25}
{"timestamp": "2026-04-10T19:54:16.283Z", "level": "info", "service": "api", "msg": "GET /api/v1/search \u2192 200 (144ms)", "method": "GET", "path": "/api/v1/search", "status": 200, "latency_ms": 144}
{"timestamp": "2026-04-10T19:54:16.283Z", "level": "info", "service": "api", "msg": "POST /api/v1/events \u2192 201 (35ms)", "method": "POST", "path": "/api/v1/events", "status": 201, "latency_ms": 35}
{"timestamp": "2026-04-10T19:54:16.283Z", "level": "info", "service": "api", "msg": "GET /api/v1/feed \u2192 200 (68ms)", "method": "GET", "path": "/api/v1/feed", "status": 200, "latency_ms": 68}
{"timestamp": "2026-04-10T19:54:16.283Z", "level": "info", "service": "api", "msg": "GET /api/v1/search \u2192 200 (118ms)", "method": "GET", "path": "/api/v1/search", "status": 200, "latency_ms": 118}
{"timestamp": "2026-04-10T19:54:16.283Z", "level": "info", "service": "api", "msg": "GET /api/v1/users \u2192 200 (31ms)", "method": "GET", "path": "/api/v1/users", "status": 200, "latency_ms": 31}
{"timestamp": "2026-04-10T19:54:16.283Z", "level": "info", "service": "api", "msg": "PUT /api/v1/users/settings \u2192 200 (47ms)", "method": "PUT", "path": "/api/v1/users/settings", "status": 200, "latency_ms": 47}
{"timestamp": "2026-04-10T19:54:16.283Z", "level": "error", "service": "api", "msg": "POST /api/v1/upload \u2192 500 (295ms)", "method": "POST", "path": "/api/v1/upload", "status": 500, "latency_ms": 295}
{"timestamp": "2026-04-10T19:54:16.284Z", "level": "error", "service": "api", "msg": "POST /api/v1/upload \u2192 500 (279ms)", "method": "POST", "path": "/api/v1/upload", "status": 500, "latency_ms": 279}
{"timestamp": "2026-04-10T19:54:16.284Z", "level": "warn", "service": "api", "msg": "POST /api/v1/auth/login \u2192 401 (3ms)", "method": "POST", "path": "/api/v1/auth/login", "status": 401, "latency_ms": 3}
{"timestamp": "2026-04-10T19:54:16.284Z", "level": "info", "service": "api", "msg": "PUT /api/v1/users/settings \u2192 200 (61ms)", "method": "PUT", "path": "/api/v1/users/settings", "status": 200, "latency_ms": 61}
{"timestamp": "2026-04-10T19:54:16.284Z", "level": "info", "service": "api", "msg": "GET /api/v1/feed \u2192 200 (83ms)", "method": "GET", "path": "/api/v1/feed", "status": 200, "latency_ms": 83}
{"timestamp": "2026-04-10T19:54:16.284Z", "level": "info", "service": "api", "msg": "DELETE /api/v1/sessions \u2192 204 (39ms)", "method": "DELETE", "path": "/api/v1/sessions", "status": 204, "latency_ms": 39}
{"timestamp": "2026-04-10T19:54:16.284Z", "level": "info", "service": "api", "msg": "POST /api/v1/events \u2192 201 (60ms)", "method": "POST", "path": "/api/v1/events", "status": 201, "latency_ms": 60}
{"timestamp": "2026-04-10T19:54:16.284Z", "level": "info", "service": "api", "msg": "GET /api/v1/notifications \u2192 200 (58ms)", "method": "GET", "path": "/api/v1/notifications", "status": 200, "latency_ms": 58}
{"timestamp": "2026-04-10T19:54:16.284Z", "level": "warn", "service": "api", "msg": "GET /api/v1/missing \u2192 404 (31ms)", "method": "GET", "path": "/api/v1/missing", "status": 404, "latency_ms": 31}
{"timestamp": "2026-04-10T19:54:16.284Z", "level": "info", "service": "api", "msg": "GET /api/v1/notifications \u2192 200 (32ms)", "method": "GET", "path": "/api/v1/notifications", "status": 200, "latency_ms": 32}
{"timestamp": "2026-04-10T19:54:16.284Z", "level": "warn", "service": "api", "msg": "GET /api/v1/missing \u2192 404 (38ms)", "method": "GET", "path": "/api/v1/missing", "status": 404, "latency_ms": 38}
{"timestamp": "2026-04-10T19:54:16.284Z", "level": "info", "service": "api", "msg": "GET /api/v1/users \u2192 200 (14ms)", "method": "GET", "path": "/api/v1/users", "status": 200, "latency_ms": 14}
{"timestamp": "2026-04-10T19:54:16.284Z", "level": "error", "service": "api", "msg": "POST /api/v1/upload \u2192 500 (254ms)", "method": "POST", "path": "/api/v1/upload", "status": 500, "latency_ms": 254}
{"timestamp": "2026-04-10T19:54:16.284Z", "level": "warn", "service": "api", "msg": "POST /api/v1/auth/login \u2192 401 (50ms)", "method": "POST", "path": "/api/v1/auth/login", "status": 401, "latency_ms": 50}
{"timestamp": "2026-04-10T19:54:16.284Z", "level": "info", "service": "api", "msg": "GET /api/v1/notifications \u2192 200 (68ms)", "method": "GET", "path": "/api/v1/notifications", "status": 200, "latency_ms": 68}
{"timestamp": "2026-04-10T19:54:16.284Z", "level": "info", "service": "api", "msg": "DELETE /api/v1/sessions \u2192 204 (50ms)", "method": "DELETE", "path": "/api/v1/sessions", "status": 204, "latency_ms": 50}
{"timestamp": "2026-04-10T19:54:16.284Z", "level": "info", "service": "api", "msg": "GET /api/v1/health \u2192 200 (52ms)", "method": "GET", "path": "/api/v1/health", "status": 200, "latency_ms": 52}
{"timestamp": "2026-04-10T19:54:16.284Z", "level": "info", "service": "api", "msg": "POST /api/v1/events \u2192 201 (44ms)", "method": "POST", "path": "/api/v1/events", "status": 201, "latency_ms": 44}
{"timestamp": "2026-04-10T19:54:16.284Z", "level": "error", "service": "api", "msg": "POST /api/v1/upload \u2192 500 (266ms)", "method": "POST", "path": "/api/v1/upload", "status": 500, "latency_ms": 266}
{"timestamp": "2026-04-10T19:54:16.284Z", "level": "error", "service": "api", "msg": "POST /api/v1/upload \u2192 500 (251ms)", "method": "POST", "path": "/api/v1/upload", "status": 500, "latency_ms": 251}
{"timestamp": "2026-04-10T19:54:16.284Z", "level": "info", "service": "api", "msg": "GET /api/v1/users \u2192 200 (61ms)", "method": "GET", "path": "/api/v1/users", "status": 200, "latency_ms": 61}
{"timestamp": "2026-04-10T19:54:16.284Z", "level": "info", "service": "api", "msg": "GET /api/v1/health \u2192 200 (49ms)", "method": "GET", "path": "/api/v1/health", "status": 200, "latency_ms": 49}
{"timestamp": "2026-04-10T19:54:16.284Z", "level": "warn", "service": "api", "msg": "GET /api/v1/missing \u2192 404 (30ms)", "method": "GET", "path": "/api/v1/missing", "status": 404, "latency_ms": 30}
{"timestamp": "2026-04-10T19:54:16.284Z", "level": "info", "service": "api", "msg": "GET /api/v1/notifications \u2192 200 (34ms)", "method": "GET", "path": "/api/v1/notifications", "status": 200, "latency_ms": 34}
{"timestamp": "2026-04-10T19:54:16.284Z", "level": "info", "service": "api", "msg": "GET /api/v1/search \u2192 200 (137ms)", "method": "GET", "path": "/api/v1/search", "status": 200, "latency_ms": 137}
{"timestamp": "2026-04-10T19:54:16.284Z", "level": "info", "service": "api", "msg": "GET /api/v1/search \u2192 200 (135ms)", "method": "GET", "path": "/api/v1/search", "status": 200, "latency_ms": 135}
{"timestamp": "2026-04-10T19:54:16.285Z", "level": "info", "service": "api", "msg": "POST /api/v1/auth/login \u2192 200 (119ms)", "method": "POST", "path": "/api/v1/auth/login", "status": 200, "latency_ms": 119}
{"timestamp": "2026-04-10T19:54:16.285Z", "level": "info", "service": "api", "msg": "GET /api/v1/search \u2192 200 (157ms)", "method": "GET", "path": "/api/v1/search", "status": 200, "latency_ms": 157}
{"timestamp": "2026-04-10T19:54:16.285Z", "level": "info", "service": "api", "msg": "PUT /api/v1/users/settings \u2192 200 (71ms)", "method": "PUT", "path": "/api/v1/users/settings", "status": 200, "latency_ms": 71}
{"timestamp": "2026-04-10T19:54:16.285Z", "level": "info", "service": "api", "msg": "GET /api/v1/health \u2192 200 (50ms)", "method": "GET", "path": "/api/v1/health", "status": 200, "latency_ms": 50}
{"timestamp": "2026-04-10T19:54:16.285Z", "level": "info", "service": "api", "msg": "POST /api/v1/events \u2192 201 (32ms)", "method": "POST", "path": "/api/v1/events", "status": 201, "latency_ms": 32}
{"timestamp": "2026-04-10T19:54:16.285Z", "level": "info", "service": "api", "msg": "POST /api/v1/events \u2192 201 (63ms)", "method": "POST", "path": "/api/v1/events", "status": 201, "latency_ms": 63}
{"timestamp": "2026-04-10T19:54:16.285Z", "level": "info", "service": "api", "msg": "GET /api/v1/search \u2192 200 (141ms)", "method": "GET", "path": "/api/v1/search", "status": 200, "latency_ms": 141}
{"timestamp": "2026-04-10T19:54:16.285Z", "level": "info", "service": "api", "msg": "PUT /api/v1/users/settings \u2192 200 (55ms)", "method": "PUT", "path": "/api/v1/users/settings", "status": 200, "latency_ms": 55}
{"timestamp": "2026-04-10T19:54:16.285Z", "level": "info", "service": "api", "msg": "GET /api/v1/search \u2192 200 (139ms)", "method": "GET", "path": "/api/v1/search", "status": 200, "latency_ms": 139}
{"timestamp": "2026-04-10T19:54:16.285Z", "level": "warn", "service": "api", "msg": "POST /api/v1/auth/login \u2192 401 (42ms)", "method": "POST", "path": "/api/v1/auth/login", "status": 401, "latency_ms": 42}
{"timestamp": "2026-04-10T19:54:16.285Z", "level": "info", "service": "api", "msg": "GET /api/v1/health \u2192 200 (26ms)", "method": "GET", "path": "/api/v1/health", "status": 200, "latency_ms": 26}
{"timestamp": "2026-04-10T19:54:16.285Z", "level": "info", "service": "api", "msg": "GET /api/v1/search \u2192 200 (132ms)", "method": "GET", "path": "/api/v1/search", "status": 200, "latency_ms": 132}
{"timestamp": "2026-04-10T19:54:16.285Z", "level": "info", "service": "api", "msg": "POST /api/v1/auth/login \u2192 200 (120ms)", "method": "POST", "path": "/api/v1/auth/login", "status": 200, "latency_ms": 120}
{"timestamp": "2026-04-10T19:54:16.285Z", "level": "info", "service": "api", "msg": "GET /api/v1/notifications \u2192 200 (62ms)", "method": "GET", "path": "/api/v1/notifications", "status": 200, "latency_ms": 62}
{"timestamp": "2026-04-10T19:54:16.285Z", "level": "info", "service": "api", "msg": "GET /api/v1/search \u2192 200 (167ms)", "method": "GET", "path": "/api/v1/search", "status": 200, "latency_ms": 167}
{"timestamp": "2026-04-10T19:54:16.285Z", "level": "info", "service": "api", "msg": "PUT /api/v1/users/settings \u2192 200 (65ms)", "method": "PUT", "path": "/api/v1/users/settings", "status": 200, "latency_ms": 65}
{"timestamp": "2026-04-10T19:54:16.285Z", "level": "info", "service": "api", "msg": "GET /api/v1/health \u2192 200 (19ms)", "method": "GET", "path": "/api/v1/health", "status": 200, "latency_ms": 19}
{"timestamp": "2026-04-10T19:54:16.285Z", "level": "info", "service": "api", "msg": "GET /api/v1/users \u2192 200 (12ms)", "method": "GET", "path": "/api/v1/users", "status": 200, "latency_ms": 12}
{"timestamp": "2026-04-10T19:54:16.285Z", "level": "info", "service": "api", "msg": "GET /api/v1/search \u2192 200 (159ms)", "method": "GET", "path": "/api/v1/search", "status": 200, "latency_ms": 159}
{"timestamp": "2026-04-10T19:54:16.285Z", "level": "warn", "service": "api", "msg": "GET /api/v1/missing \u2192 404 (35ms)", "method": "GET", "path": "/api/v1/missing", "status": 404, "latency_ms": 35}
{"timestamp": "2026-04-10T19:54:16.285Z", "level": "info", "service": "api", "msg": "GET /api/v1/notifications \u2192 200 (46ms)", "method": "GET", "path": "/api/v1/notifications", "status": 200, "latency_ms": 46}
{"timestamp": "2026-04-10T19:54:16.286Z", "level": "error", "service": "api", "msg": "POST /api/v1/upload \u2192 500 (280ms)", "method": "POST", "path": "/api/v1/upload", "status": 500, "latency_ms": 280}
{"timestamp": "2026-04-10T19:54:16.286Z", "level": "error", "service": "api", "msg": "POST /api/v1/upload \u2192 500 (274ms)", "method": "POST", "path": "/api/v1/upload", "status": 500, "latency_ms": 274}
{"timestamp": "2026-04-10T19:54:16.286Z", "level": "info", "service": "api", "msg": "POST /api/v1/auth/login \u2192 200 (98ms)", "method": "POST", "path": "/api/v1/auth/login", "status": 200, "latency_ms": 98}
{"timestamp": "2026-04-10T19:54:16.286Z", "level": "info", "service": "api", "msg": "GET /api/v1/health \u2192 200 (17ms)", "method": "GET", "path": "/api/v1/health", "status": 200, "latency_ms": 17}
{"timestamp": "2026-04-10T19:54:16.286Z", "level": "info", "service": "api", "msg": "GET /api/v1/notifications \u2192 200 (61ms)", "method": "GET", "path": "/api/v1/notifications", "status": 200, "latency_ms": 61}
{"timestamp": "2026-04-10T19:54:16.286Z", "level": "info", "service": "api", "msg": "GET /api/v1/users \u2192 200 (52ms)", "method": "GET", "path": "/api/v1/users", "status": 200, "latency_ms": 52}
{"timestamp": "2026-04-10T19:54:16.286Z", "level": "warn", "service": "api", "msg": "POST /api/v1/auth/login \u2192 401 (11ms)", "method": "POST", "path": "/api/v1/auth/login", "status": 401, "latency_ms": 11}
{"timestamp": "2026-04-10T19:54:16.286Z", "level": "info", "service": "api", "msg": "DELETE /api/v1/sessions \u2192 204 (43ms)", "method": "DELETE", "path": "/api/v1/sessions", "status": 204, "latency_ms": 43}
{"timestamp": "2026-04-10T19:54:16.286Z", "level": "info", "service": "api", "msg": "GET /api/v1/notifications \u2192 200 (61ms)", "method": "GET", "path": "/api/v1/notifications", "status": 200, "latency_ms": 61}
{"timestamp": "2026-04-10T19:54:16.286Z", "level": "info", "service": "api", "msg": "DELETE /api/v1/sessions \u2192 204 (53ms)", "method": "DELETE", "path": "/api/v1/sessions", "status": 204, "latency_ms": 53}
{"timestamp": "2026-04-10T19:54:16.286Z", "level": "info", "service": "api", "msg": "GET /api/v1/users \u2192 200 (21ms)", "method": "GET", "path": "/api/v1/users", "status": 200, "latency_ms": 21}
{"timestamp": "2026-04-10T19:54:16.286Z", "level": "info", "service": "api", "msg": "POST /api/v1/auth/login \u2192 200 (128ms)", "method": "POST", "path": "/api/v1/auth/login", "status": 200, "latency_ms": 128}
{"timestamp": "2026-04-10T19:54:16.286Z", "level": "info", "service": "api", "msg": "POST /api/v1/auth/login \u2192 200 (136ms)", "method": "POST", "path": "/api/v1/auth/login", "status": 200, "latency_ms": 136}
{"timestamp": "2026-04-10T19:54:16.286Z", "level": "info", "service": "api", "msg": "GET /api/v1/users \u2192 200 (17ms)", "method": "GET", "path": "/api/v1/users", "status": 200, "latency_ms": 17}
{"timestamp": "2026-04-10T19:54:16.286Z", "level": "warn", "service": "api", "msg": "GET /api/v1/missing \u2192 404 (51ms)", "method": "GET", "path": "/api/v1/missing", "status": 404, "latency_ms": 51}
{"timestamp": "2026-04-10T19:54:16.286Z", "level": "warn", "service": "api", "msg": "GET /api/v1/missing \u2192 404 (26ms)", "method": "GET", "path": "/api/v1/missing", "status": 404, "latency_ms": 26}
{"timestamp": "2026-04-10T19:54:16.286Z", "level": "info", "service": "api", "msg": "GET /api/v1/search \u2192 200 (136ms)", "method": "GET", "path": "/api/v1/search", "status": 200, "latency_ms": 136}
{"timestamp": "2026-04-10T19:54:16.286Z", "level": "info", "service": "api", "msg": "GET /api/v1/feed \u2192 200 (94ms)", "method": "GET", "path": "/api/v1/feed", "status": 200, "latency_ms": 94}
{"timestamp": "2026-04-10T19:54:16.286Z", "level": "info", "service": "api", "msg": "GET /api/v1/search \u2192 200 (159ms)", "method": "GET", "path": "/api/v1/search", "status": 200, "latency_ms": 159}
{"timestamp": "2026-04-10T19:54:16.286Z", "level": "warn", "service": "api", "msg": "GET /api/v1/missing \u2192 404 (23ms)", "method": "GET", "path": "/api/v1/missing", "status": 404, "latency_ms": 23}
